SF:lib/src/open_meteo_api_client.dart
DA:24,2
DA:32,1
DA:33,2
DA:35,2
DA:37,2
DA:38,1
DA:41,2
DA:43,2
DA:45,1
DA:47,2
DA:49,2
DA:53,1
DA:54,4
DA:56,2
DA:58,2
DA:59,1
DA:62,2
DA:64,1
DA:65,1
DA:68,1
DA:70,1
DA:74,1
DA:75,2
LF:23
LH:23
end_of_record
SF:lib/src/models/location.dart
DA:7,2
DA:14,2
DA:15,2
LF:3
LH:3
end_of_record
SF:lib/src/models/location.g.dart
DA:11,2
DA:12,4
DA:13,2
DA:14,6
DA:15,4
DA:16,6
DA:17,6
LF:7
LH:7
end_of_record
SF:lib/src/models/weather.dart
DA:7,2
DA:9,4
LF:2
LH:2
end_of_record
SF:lib/src/models/weather.g.dart
DA:11,4
DA:14,2
DA:15,2
DA:16,6
DA:17,6
LF:5
LH:5
end_of_record
